Hmm ... looks like a package
Converting parsed Rd's to LaTeX ..
Creating pdf output from LaTeX ...

This is pdfTeX, Version 3.141592653-2.6-1.40.26 (TeX Live 2024) (preloaded format=pdflatex)
 restricted \write18 enabled.
entering extended mode
LaTeX2e <2023-11-01> patch level 1
L3 programming layer <2024-02-20>
(./Rd2.tex
(/usr/local/texlive/2024/texmf-dist/tex/latex/base/book.cls
Document Class: book 2023/05/17 v1.4n Standard LaTeX document class
(/usr/local/texlive/2024/texmf-dist/tex/latex/base/bk10.clo))
(/Library/Frameworks/R.framework/Resources/share/texmf/tex/latex/Rd.sty
(/usr/local/texlive/2024/texmf-dist/tex/latex/base/ifthen.sty)
(/usr/local/texlive/2024/texmf-dist/tex/generic/iftex/iftex.sty)
(/usr/local/texlive/2024/texmf-dist/tex/latex/tools/longtable.sty)
(/usr/local/texlive/2024/texmf-dist/tex/latex/tools/bm.sty)
(/usr/local/texlive/2024/texmf-dist/tex/latex/base/alltt.sty)
(/usr/local/texlive/2024/texmf-dist/tex/latex/tools/verbatim.sty)
(/usr/local/texlive/2024/texmf-dist/tex/latex/url/url.sty)
(/usr/local/texlive/2024/texmf-dist/tex/latex/base/textcomp.sty)
(/usr/local/texlive/2024/texmf-dist/tex/latex/amsmath/amsmath.sty
For additional information on amsmath, use the `?' option.
(/usr/local/texlive/2024/texmf-dist/tex/latex/amsmath/amstext.sty
(/usr/local/texlive/2024/texmf-dist/tex/latex/amsmath/amsgen.sty))
(/usr/local/texlive/2024/texmf-dist/tex/latex/amsmath/amsbsy.sty)
(/usr/local/texlive/2024/texmf-dist/tex/latex/amsmath/amsopn.sty))
(/usr/local/texlive/2024/texmf-dist/tex/latex/amsfonts/amsfonts.sty)
(/usr/local/texlive/2024/texmf-dist/tex/latex/amsfonts/amssymb.sty)
(/usr/local/texlive/2024/texmf-dist/tex/latex/jknapltx/mathrsfs.sty)
(/usr/local/texlive/2024/texmf-dist/tex/latex/base/fontenc.sty)
(/usr/local/texlive/2024/texmf-dist/tex/latex/psnfss/times.sty)
(/usr/local/texlive/2024/texmf-dist/tex/latex/inconsolata/zi4.sty
`inconsolata-zi4' v1.12, 2019/05/17 Text macros for Inconsolata (msharpe)
(/usr/local/texlive/2024/texmf-dist/tex/latex/xkeyval/xkeyval.sty
(/usr/local/texlive/2024/texmf-dist/tex/generic/xkeyval/xkeyval.tex
(/usr/local/texlive/2024/texmf-dist/tex/generic/xkeyval/xkvutils.tex
(/usr/local/texlive/2024/texmf-dist/tex/generic/xkeyval/keyval.tex)))))
(/usr/local/texlive/2024/texmf-dist/tex/latex/graphics/color.sty
(/usr/local/texlive/2024/texmf-dist/tex/latex/graphics-cfg/color.cfg)
(/usr/local/texlive/2024/texmf-dist/tex/latex/graphics-def/pdftex.def)
(/usr/local/texlive/2024/texmf-dist/tex/latex/graphics/mathcolor.ltx))
(/usr/local/texlive/2024/texmf-dist/tex/latex/hyperref/hyperref.sty
(/usr/local/texlive/2024/texmf-dist/tex/latex/kvsetkeys/kvsetkeys.sty)
(/usr/local/texlive/2024/texmf-dist/tex/generic/kvdefinekeys/kvdefinekeys.sty)
(/usr/local/texlive/2024/texmf-dist/tex/generic/pdfescape/pdfescape.sty
(/usr/local/texlive/2024/texmf-dist/tex/generic/ltxcmds/ltxcmds.sty)
(/usr/local/texlive/2024/texmf-dist/tex/generic/pdftexcmds/pdftexcmds.sty
(/usr/local/texlive/2024/texmf-dist/tex/generic/infwarerr/infwarerr.sty)))
(/usr/local/texlive/2024/texmf-dist/tex/latex/hycolor/hycolor.sty)
(/usr/local/texlive/2024/texmf-dist/tex/latex/auxhook/auxhook.sty)
(/usr/local/texlive/2024/texmf-dist/tex/latex/hyperref/nameref.sty
(/usr/local/texlive/2024/texmf-dist/tex/latex/refcount/refcount.sty)
(/usr/local/texlive/2024/texmf-dist/tex/generic/gettitlestring/gettitlestring.s
ty (/usr/local/texlive/2024/texmf-dist/tex/latex/kvoptions/kvoptions.sty)))
(/usr/local/texlive/2024/texmf-dist/tex/latex/etoolbox/etoolbox.sty)
(/usr/local/texlive/2024/texmf-dist/tex/latex/hyperref/pd1enc.def)
(/usr/local/texlive/2024/texmf-dist/tex/generic/intcalc/intcalc.sty)
(/usr/local/texlive/2024/texmf-dist/tex/latex/hyperref/puenc.def)
(/usr/local/texlive/2024/texmf-dist/tex/generic/bitset/bitset.sty
(/usr/local/texlive/2024/texmf-dist/tex/generic/bigintcalc/bigintcalc.sty))
(/usr/local/texlive/2024/texmf-dist/tex/latex/base/atbegshi-ltx.sty))
(/usr/local/texlive/2024/texmf-dist/tex/latex/hyperref/hpdftex.def
(/usr/local/texlive/2024/texmf-dist/tex/latex/base/atveryend-ltx.sty)
(/usr/local/texlive/2024/texmf-dist/tex/latex/rerunfilecheck/rerunfilecheck.sty

(/usr/local/texlive/2024/texmf-dist/tex/generic/uniquecounter/uniquecounter.sty
)))) (/usr/local/texlive/2024/texmf-dist/tex/latex/base/makeidx.sty)
Writing index file Rd2.idx
(/usr/local/texlive/2024/texmf-dist/tex/latex/psnfss/t1ptm.fd)
(/usr/local/texlive/2024/texmf-dist/tex/latex/l3backend/l3backend-pdftex.def)
No file Rd2.aux.
(/usr/local/texlive/2024/texmf-dist/tex/context/base/mkii/supp-pdf.mkii
[Loading MPS to PDF converter (version 2006.09.02).]
) (/usr/local/texlive/2024/texmf-dist/tex/latex/inconsolata/t1zi4.fd)
(/usr/local/texlive/2024/texmf-dist/tex/latex/amsfonts/umsa.fd)
(/usr/local/texlive/2024/texmf-dist/tex/latex/amsfonts/umsb.fd)
(/usr/local/texlive/2024/texmf-dist/tex/latex/jknapltx/ursfs.fd)
No file Rd2.toc.
[1{/usr/local/texlive/2024/texmf-var/fonts/map/pdftex/updmap/pdftex.map}{/usr/l
ocal/texlive/2024/texmf-dist/fonts/enc/dvips/base/8r.enc}{/usr/local/texlive/20
24/texmf-dist/fonts/enc/dvips/inconsolata/i4-t1-0.enc}]
(/usr/local/texlive/2024/texmf-dist/tex/latex/psnfss/ts1ptm.fd)
(/usr/local/texlive/2024/texmf-dist/tex/latex/inconsolata/ts1zi4.fd) [2{/usr/lo
cal/texlive/2024/texmf-dist/fonts/enc/dvips/inconsolata/i4-ts1.enc}] [3]
[4]
Overfull \hbox (2.26555pt too wide) in paragraph at lines 247--247
 []\T1/zi4/m/n/9 birds_ZI <- birds_ZI[order(birds_ZI$Route, birds_ZI$Year, bird
s_ZI$English_Common_Name), ][] 
[5] [6] [7]
Overfull \hbox (5.9361pt too wide) in paragraph at lines 422--423
[]\T1/ptm/m/n/10 Fits a multi-species N-mixture (MNM) model to ob-served count 
data, lever-ag-ing Nim-ble for Bayesian
[8] [9] [10] [11] [12] [13] [14] [15] [16]
Overfull \hbox (2.54776pt too wide) in paragraph at lines 934--935
[]\T1/ptm/m/n/10 Logical. In-di-cates whether to in-clude an au-to-cor-re-la-ti
on com-po-nent in the model.

Overfull \hbox (41.8109pt too wide) in paragraph at lines 962--963
[]\T1/zi4/m/n/10 prior_detection_probability[]\T1/ptm/m/n/10 , []\T1/zi4/m/n/10
 prior_precision[]\T1/ptm/m/n/10 , []\T1/zi4/m/n/10 prior_mean[]\T1/ptm/m/n/10 
, []\T1/zi4/m/n/10 prior_mean_AR[]\T1/ptm/m/n/10 ,
[17]
Overfull \hbox (10.58951pt too wide) in paragraph at lines 963--964
[]\T1/ptm/m/n/10 Supported dis-tri-bu-tions in-clude: []\T1/zi4/m/n/10 dnorm[]\
T1/ptm/m/n/10 , []\T1/zi4/m/n/10 dexp[]\T1/ptm/m/n/10 , []\T1/zi4/m/n/10 dgamma
[]\T1/ptm/m/n/10 , []\T1/zi4/m/n/10 dbeta[]\T1/ptm/m/n/10 , []\T1/zi4/m/n/10 du
nif[]\T1/ptm/m/n/10 , []\T1/zi4/m/n/10 dlnorm[]\T1/ptm/m/n/10 ,
[18] [19] [20] [21] [22] [23] [24] [25]
Overfull \hbox (0.73889pt too wide) in paragraph at lines 1487--1489
[]\T1/zi4/m/n/10 "large"[]\T1/ptm/m/n/10 : La-tent species abun-dance be-tween 
0 and 700. De-fault is []\T1/zi4/m/n/10 "small"[]\T1/ptm/m/n/10 . 
[26] [27] (/usr/local/texlive/2024/texmf-dist/tex/latex/base/t1cmtt.fd)
(/usr/local/texlive/2024/texmf-dist/tex/latex/base/ts1cmtt.fd) [28{/usr/local/t
exlive/2024/texmf-dist/fonts/enc/dvips/cm-super/cm-super-ts1.enc}]
Overfull \hbox (15.80914pt too wide) in paragraph at lines 1636--1637
\T1/ptm/m/n/10 (e.g., []\T1/zi4/m/n/10 prior_mean[]\T1/ptm/m/n/10 ) and the val
ue is the prior dis-tri-bu-tion (e.g., []\TS1/zi4/m/n/10 '\T1/zi4/m/n/10 dnorm(
0, 0.001)\TS1/zi4/m/n/10 '[]\T1/ptm/m/n/10 ). 
[29]
No file Rd2.ind.
[30]
(/private/var/folders/tw/c432fqhx6rbcdd17vn2ll3q80000gn/T/RtmpvPk6ST/Rd2pdf9d49
3c1323cb/Rd2.aux)

Package rerunfilecheck Warning: File `Rd2.out' has changed.
(rerunfilecheck)                Rerun to get outlines right
(rerunfilecheck)                or use package `bookmark'.

 )
(see the transcript file for additional information)</usr/local/texlive/2024/te
xmf-dist/fonts/type1/public/inconsolata/Inconsolata-zi4r.pfb></usr/local/texliv
e/2024/texmf-dist/fonts/type1/public/amsfonts/cm/cmmi10.pfb></usr/local/texlive
/2024/texmf-dist/fonts/type1/public/amsfonts/cm/cmr10.pfb></usr/local/texlive/2
024/texmf-dist/fonts/type1/public/amsfonts/cm/cmsy10.pfb></usr/local/texlive/20
24/texmf-dist/fonts/type1/public/cm-super/sftt0900.pfb></usr/local/texlive/2024
/texmf-dist/fonts/type1/urw/times/utmb8a.pfb></usr/local/texlive/2024/texmf-dis
t/fonts/type1/urw/times/utmr8a.pfb></usr/local/texlive/2024/texmf-dist/fonts/ty
pe1/urw/times/utmr8a.pfb></usr/local/texlive/2024/texmf-dist/fonts/type1/urw/ti
mes/utmri8a.pfb>
Output written on Rd2.pdf (30 pages, 190664 bytes).
Transcript written on Rd2.log.
This is makeindex, version 2.17 [TeX Live 2024] (kpathsea + Thai support).
Scanning input file Rd2.idx....done (27 entries accepted, 0 rejected).
Sorting entries....done (118 comparisons).
Generating output file Rd2.ind....done (64 lines written, 0 warnings).
Output written in Rd2.ind.
Transcript written in Rd2.ilg.
This is pdfTeX, Version 3.141592653-2.6-1.40.26 (TeX Live 2024) (preloaded format=pdflatex)
 restricted \write18 enabled.
entering extended mode
LaTeX2e <2023-11-01> patch level 1
L3 programming layer <2024-02-20>
(./Rd2.tex
(/usr/local/texlive/2024/texmf-dist/tex/latex/base/book.cls
Document Class: book 2023/05/17 v1.4n Standard LaTeX document class
(/usr/local/texlive/2024/texmf-dist/tex/latex/base/bk10.clo))
(/Library/Frameworks/R.framework/Resources/share/texmf/tex/latex/Rd.sty
(/usr/local/texlive/2024/texmf-dist/tex/latex/base/ifthen.sty)
(/usr/local/texlive/2024/texmf-dist/tex/generic/iftex/iftex.sty)
(/usr/local/texlive/2024/texmf-dist/tex/latex/tools/longtable.sty)
(/usr/local/texlive/2024/texmf-dist/tex/latex/tools/bm.sty)
(/usr/local/texlive/2024/texmf-dist/tex/latex/base/alltt.sty)
(/usr/local/texlive/2024/texmf-dist/tex/latex/tools/verbatim.sty)
(/usr/local/texlive/2024/texmf-dist/tex/latex/url/url.sty)
(/usr/local/texlive/2024/texmf-dist/tex/latex/base/textcomp.sty)
(/usr/local/texlive/2024/texmf-dist/tex/latex/amsmath/amsmath.sty
For additional information on amsmath, use the `?' option.
(/usr/local/texlive/2024/texmf-dist/tex/latex/amsmath/amstext.sty
(/usr/local/texlive/2024/texmf-dist/tex/latex/amsmath/amsgen.sty))
(/usr/local/texlive/2024/texmf-dist/tex/latex/amsmath/amsbsy.sty)
(/usr/local/texlive/2024/texmf-dist/tex/latex/amsmath/amsopn.sty))
(/usr/local/texlive/2024/texmf-dist/tex/latex/amsfonts/amsfonts.sty)
(/usr/local/texlive/2024/texmf-dist/tex/latex/amsfonts/amssymb.sty)
(/usr/local/texlive/2024/texmf-dist/tex/latex/jknapltx/mathrsfs.sty)
(/usr/local/texlive/2024/texmf-dist/tex/latex/base/fontenc.sty)
(/usr/local/texlive/2024/texmf-dist/tex/latex/psnfss/times.sty)
(/usr/local/texlive/2024/texmf-dist/tex/latex/inconsolata/zi4.sty
`inconsolata-zi4' v1.12, 2019/05/17 Text macros for Inconsolata (msharpe)
(/usr/local/texlive/2024/texmf-dist/tex/latex/xkeyval/xkeyval.sty
(/usr/local/texlive/2024/texmf-dist/tex/generic/xkeyval/xkeyval.tex
(/usr/local/texlive/2024/texmf-dist/tex/generic/xkeyval/xkvutils.tex
(/usr/local/texlive/2024/texmf-dist/tex/generic/xkeyval/keyval.tex)))))
(/usr/local/texlive/2024/texmf-dist/tex/latex/graphics/color.sty
(/usr/local/texlive/2024/texmf-dist/tex/latex/graphics-cfg/color.cfg)
(/usr/local/texlive/2024/texmf-dist/tex/latex/graphics-def/pdftex.def)
(/usr/local/texlive/2024/texmf-dist/tex/latex/graphics/mathcolor.ltx))
(/usr/local/texlive/2024/texmf-dist/tex/latex/hyperref/hyperref.sty
(/usr/local/texlive/2024/texmf-dist/tex/latex/kvsetkeys/kvsetkeys.sty)
(/usr/local/texlive/2024/texmf-dist/tex/generic/kvdefinekeys/kvdefinekeys.sty)
(/usr/local/texlive/2024/texmf-dist/tex/generic/pdfescape/pdfescape.sty
(/usr/local/texlive/2024/texmf-dist/tex/generic/ltxcmds/ltxcmds.sty)
(/usr/local/texlive/2024/texmf-dist/tex/generic/pdftexcmds/pdftexcmds.sty
(/usr/local/texlive/2024/texmf-dist/tex/generic/infwarerr/infwarerr.sty)))
(/usr/local/texlive/2024/texmf-dist/tex/latex/hycolor/hycolor.sty)
(/usr/local/texlive/2024/texmf-dist/tex/latex/auxhook/auxhook.sty)
(/usr/local/texlive/2024/texmf-dist/tex/latex/hyperref/nameref.sty
(/usr/local/texlive/2024/texmf-dist/tex/latex/refcount/refcount.sty)
(/usr/local/texlive/2024/texmf-dist/tex/generic/gettitlestring/gettitlestring.s
ty (/usr/local/texlive/2024/texmf-dist/tex/latex/kvoptions/kvoptions.sty)))
(/usr/local/texlive/2024/texmf-dist/tex/latex/etoolbox/etoolbox.sty)
(/usr/local/texlive/2024/texmf-dist/tex/latex/hyperref/pd1enc.def)
(/usr/local/texlive/2024/texmf-dist/tex/generic/intcalc/intcalc.sty)
(/usr/local/texlive/2024/texmf-dist/tex/latex/hyperref/puenc.def)
(/usr/local/texlive/2024/texmf-dist/tex/generic/bitset/bitset.sty
(/usr/local/texlive/2024/texmf-dist/tex/generic/bigintcalc/bigintcalc.sty))
(/usr/local/texlive/2024/texmf-dist/tex/latex/base/atbegshi-ltx.sty))
(/usr/local/texlive/2024/texmf-dist/tex/latex/hyperref/hpdftex.def
(/usr/local/texlive/2024/texmf-dist/tex/latex/base/atveryend-ltx.sty)
(/usr/local/texlive/2024/texmf-dist/tex/latex/rerunfilecheck/rerunfilecheck.sty

(/usr/local/texlive/2024/texmf-dist/tex/generic/uniquecounter/uniquecounter.sty
)))) (/usr/local/texlive/2024/texmf-dist/tex/latex/base/makeidx.sty)
Writing index file Rd2.idx
(/usr/local/texlive/2024/texmf-dist/tex/latex/psnfss/t1ptm.fd)
(/usr/local/texlive/2024/texmf-dist/tex/latex/l3backend/l3backend-pdftex.def)
(/private/var/folders/tw/c432fqhx6rbcdd17vn2ll3q80000gn/T/RtmpvPk6ST/Rd2pdf9d49
3c1323cb/Rd2.aux)
(/usr/local/texlive/2024/texmf-dist/tex/context/base/mkii/supp-pdf.mkii
[Loading MPS to PDF converter (version 2006.09.02).]
)
(/private/var/folders/tw/c432fqhx6rbcdd17vn2ll3q80000gn/T/RtmpvPk6ST/Rd2pdf9d49
3c1323cb/Rd2.out)
(/private/var/folders/tw/c432fqhx6rbcdd17vn2ll3q80000gn/T/RtmpvPk6ST/Rd2pdf9d49
3c1323cb/Rd2.out)
(/usr/local/texlive/2024/texmf-dist/tex/latex/inconsolata/t1zi4.fd)
(/usr/local/texlive/2024/texmf-dist/tex/latex/amsfonts/umsa.fd)
(/usr/local/texlive/2024/texmf-dist/tex/latex/amsfonts/umsb.fd)
(/usr/local/texlive/2024/texmf-dist/tex/latex/jknapltx/ursfs.fd)
(/private/var/folders/tw/c432fqhx6rbcdd17vn2ll3q80000gn/T/RtmpvPk6ST/Rd2pdf9d49
3c1323cb/Rd2.toc [1{/usr/local/texlive/2024/texmf-var/fonts/map/pdftex/updmap/p
dftex.map}{/usr/local/texlive/2024/texmf-dist/fonts/enc/dvips/base/8r.enc}{/usr
/local/texlive/2024/texmf-dist/fonts/enc/dvips/inconsolata/i4-t1-0.enc}])
(/usr/local/texlive/2024/texmf-dist/tex/latex/psnfss/ts1ptm.fd)
(/usr/local/texlive/2024/texmf-dist/tex/latex/inconsolata/ts1zi4.fd) [2{/usr/lo
cal/texlive/2024/texmf-dist/fonts/enc/dvips/inconsolata/i4-ts1.enc}] [3]
[4] [5]
Overfull \hbox (2.26555pt too wide) in paragraph at lines 247--247
 []\T1/zi4/m/n/9 birds_ZI <- birds_ZI[order(birds_ZI$Route, birds_ZI$Year, bird
s_ZI$English_Common_Name), ][] 
[6] [7] [8]
Overfull \hbox (5.9361pt too wide) in paragraph at lines 422--423
[]\T1/ptm/m/n/10 Fits a multi-species N-mixture (MNM) model to ob-served count 
data, lever-ag-ing Nim-ble for Bayesian
[9] [10] [11] [12] [13] [14] [15] [16] [17]
Overfull \hbox (2.54776pt too wide) in paragraph at lines 934--935
[]\T1/ptm/m/n/10 Logical. In-di-cates whether to in-clude an au-to-cor-re-la-ti
on com-po-nent in the model.

Overfull \hbox (41.8109pt too wide) in paragraph at lines 962--963
[]\T1/zi4/m/n/10 prior_detection_probability[]\T1/ptm/m/n/10 , []\T1/zi4/m/n/10
 prior_precision[]\T1/ptm/m/n/10 , []\T1/zi4/m/n/10 prior_mean[]\T1/ptm/m/n/10 
, []\T1/zi4/m/n/10 prior_mean_AR[]\T1/ptm/m/n/10 ,

Overfull \hbox (10.58951pt too wide) in paragraph at lines 963--964
[]\T1/ptm/m/n/10 Supported dis-tri-bu-tions in-clude: []\T1/zi4/m/n/10 dnorm[]\
T1/ptm/m/n/10 , []\T1/zi4/m/n/10 dexp[]\T1/ptm/m/n/10 , []\T1/zi4/m/n/10 dgamma
[]\T1/ptm/m/n/10 , []\T1/zi4/m/n/10 dbeta[]\T1/ptm/m/n/10 , []\T1/zi4/m/n/10 du
nif[]\T1/ptm/m/n/10 , []\T1/zi4/m/n/10 dlnorm[]\T1/ptm/m/n/10 ,
[18] [19] [20] [21] [22] [23] [24]
Underfull \vbox (badness 10000) has occurred while \output is active [25]
[26]
Overfull \hbox (0.73889pt too wide) in paragraph at lines 1487--1489
[]\T1/zi4/m/n/10 "large"[]\T1/ptm/m/n/10 : La-tent species abun-dance be-tween 
0 and 700. De-fault is []\T1/zi4/m/n/10 "small"[]\T1/ptm/m/n/10 . 
[27] [28] (/usr/local/texlive/2024/texmf-dist/tex/latex/base/t1cmtt.fd)
(/usr/local/texlive/2024/texmf-dist/tex/latex/base/ts1cmtt.fd)
Overfull \hbox (15.80914pt too wide) in paragraph at lines 1636--1637
\T1/ptm/m/n/10 (e.g., []\T1/zi4/m/n/10 prior_mean[]\T1/ptm/m/n/10 ) and the val
ue is the prior dis-tri-bu-tion (e.g., []\TS1/zi4/m/n/10 '\T1/zi4/m/n/10 dnorm(
0, 0.001)\TS1/zi4/m/n/10 '[]\T1/ptm/m/n/10 ). 
[29{/usr/local/texlive/2024/texmf-dist/fonts/enc/dvips/cm-super/cm-super-ts1.en
c}]
(/private/var/folders/tw/c432fqhx6rbcdd17vn2ll3q80000gn/T/RtmpvPk6ST/Rd2pdf9d49
3c1323cb/Rd2.ind [30]

LaTeX Font Warning: Font shape `T1/zi4/m/it' undefined
(Font)              using `T1/zi4/m/n' instead on input line 46.

[31])
(/private/var/folders/tw/c432fqhx6rbcdd17vn2ll3q80000gn/T/RtmpvPk6ST/Rd2pdf9d49
3c1323cb/Rd2.aux)

LaTeX Font Warning: Some font shapes were not available, defaults substituted.


Package rerunfilecheck Warning: File `Rd2.out' has changed.
(rerunfilecheck)                Rerun to get outlines right
(rerunfilecheck)                or use package `bookmark'.

 )
(see the transcript file for additional information)</usr/local/texlive/2024/te
xmf-dist/fonts/type1/public/inconsolata/Inconsolata-zi4r.pfb></usr/local/texliv
e/2024/texmf-dist/fonts/type1/public/amsfonts/cm/cmmi10.pfb></usr/local/texlive
/2024/texmf-dist/fonts/type1/public/amsfonts/cm/cmr10.pfb></usr/local/texlive/2
024/texmf-dist/fonts/type1/public/amsfonts/cm/cmsy10.pfb></usr/local/texlive/20
24/texmf-dist/fonts/type1/public/cm-super/sftt0900.pfb></usr/local/texlive/2024
/texmf-dist/fonts/type1/urw/times/utmb8a.pfb></usr/local/texlive/2024/texmf-dis
t/fonts/type1/urw/times/utmr8a.pfb></usr/local/texlive/2024/texmf-dist/fonts/ty
pe1/urw/times/utmr8a.pfb></usr/local/texlive/2024/texmf-dist/fonts/type1/urw/ti
mes/utmri8a.pfb>
Output written on Rd2.pdf (31 pages, 195854 bytes).
Transcript written on Rd2.log.
This is makeindex, version 2.17 [TeX Live 2024] (kpathsea + Thai support).
Scanning input file Rd2.idx....done (27 entries accepted, 0 rejected).
Sorting entries....done (118 comparisons).
Generating output file Rd2.ind....done (64 lines written, 0 warnings).
Output written in Rd2.ind.
Transcript written in Rd2.ilg.
This is pdfTeX, Version 3.141592653-2.6-1.40.26 (TeX Live 2024) (preloaded format=pdflatex)
 restricted \write18 enabled.
entering extended mode
LaTeX2e <2023-11-01> patch level 1
L3 programming layer <2024-02-20>
(./Rd2.tex
(/usr/local/texlive/2024/texmf-dist/tex/latex/base/book.cls
Document Class: book 2023/05/17 v1.4n Standard LaTeX document class
(/usr/local/texlive/2024/texmf-dist/tex/latex/base/bk10.clo))
(/Library/Frameworks/R.framework/Resources/share/texmf/tex/latex/Rd.sty
(/usr/local/texlive/2024/texmf-dist/tex/latex/base/ifthen.sty)
(/usr/local/texlive/2024/texmf-dist/tex/generic/iftex/iftex.sty)
(/usr/local/texlive/2024/texmf-dist/tex/latex/tools/longtable.sty)
(/usr/local/texlive/2024/texmf-dist/tex/latex/tools/bm.sty)
(/usr/local/texlive/2024/texmf-dist/tex/latex/base/alltt.sty)
(/usr/local/texlive/2024/texmf-dist/tex/latex/tools/verbatim.sty)
(/usr/local/texlive/2024/texmf-dist/tex/latex/url/url.sty)
(/usr/local/texlive/2024/texmf-dist/tex/latex/base/textcomp.sty)
(/usr/local/texlive/2024/texmf-dist/tex/latex/amsmath/amsmath.sty
For additional information on amsmath, use the `?' option.
(/usr/local/texlive/2024/texmf-dist/tex/latex/amsmath/amstext.sty
(/usr/local/texlive/2024/texmf-dist/tex/latex/amsmath/amsgen.sty))
(/usr/local/texlive/2024/texmf-dist/tex/latex/amsmath/amsbsy.sty)
(/usr/local/texlive/2024/texmf-dist/tex/latex/amsmath/amsopn.sty))
(/usr/local/texlive/2024/texmf-dist/tex/latex/amsfonts/amsfonts.sty)
(/usr/local/texlive/2024/texmf-dist/tex/latex/amsfonts/amssymb.sty)
(/usr/local/texlive/2024/texmf-dist/tex/latex/jknapltx/mathrsfs.sty)
(/usr/local/texlive/2024/texmf-dist/tex/latex/base/fontenc.sty)
(/usr/local/texlive/2024/texmf-dist/tex/latex/psnfss/times.sty)
(/usr/local/texlive/2024/texmf-dist/tex/latex/inconsolata/zi4.sty
`inconsolata-zi4' v1.12, 2019/05/17 Text macros for Inconsolata (msharpe)
(/usr/local/texlive/2024/texmf-dist/tex/latex/xkeyval/xkeyval.sty
(/usr/local/texlive/2024/texmf-dist/tex/generic/xkeyval/xkeyval.tex
(/usr/local/texlive/2024/texmf-dist/tex/generic/xkeyval/xkvutils.tex
(/usr/local/texlive/2024/texmf-dist/tex/generic/xkeyval/keyval.tex)))))
(/usr/local/texlive/2024/texmf-dist/tex/latex/graphics/color.sty
(/usr/local/texlive/2024/texmf-dist/tex/latex/graphics-cfg/color.cfg)
(/usr/local/texlive/2024/texmf-dist/tex/latex/graphics-def/pdftex.def)
(/usr/local/texlive/2024/texmf-dist/tex/latex/graphics/mathcolor.ltx))
(/usr/local/texlive/2024/texmf-dist/tex/latex/hyperref/hyperref.sty
(/usr/local/texlive/2024/texmf-dist/tex/latex/kvsetkeys/kvsetkeys.sty)
(/usr/local/texlive/2024/texmf-dist/tex/generic/kvdefinekeys/kvdefinekeys.sty)
(/usr/local/texlive/2024/texmf-dist/tex/generic/pdfescape/pdfescape.sty
(/usr/local/texlive/2024/texmf-dist/tex/generic/ltxcmds/ltxcmds.sty)
(/usr/local/texlive/2024/texmf-dist/tex/generic/pdftexcmds/pdftexcmds.sty
(/usr/local/texlive/2024/texmf-dist/tex/generic/infwarerr/infwarerr.sty)))
(/usr/local/texlive/2024/texmf-dist/tex/latex/hycolor/hycolor.sty)
(/usr/local/texlive/2024/texmf-dist/tex/latex/auxhook/auxhook.sty)
(/usr/local/texlive/2024/texmf-dist/tex/latex/hyperref/nameref.sty
(/usr/local/texlive/2024/texmf-dist/tex/latex/refcount/refcount.sty)
(/usr/local/texlive/2024/texmf-dist/tex/generic/gettitlestring/gettitlestring.s
ty (/usr/local/texlive/2024/texmf-dist/tex/latex/kvoptions/kvoptions.sty)))
(/usr/local/texlive/2024/texmf-dist/tex/latex/etoolbox/etoolbox.sty)
(/usr/local/texlive/2024/texmf-dist/tex/latex/hyperref/pd1enc.def)
(/usr/local/texlive/2024/texmf-dist/tex/generic/intcalc/intcalc.sty)
(/usr/local/texlive/2024/texmf-dist/tex/latex/hyperref/puenc.def)
(/usr/local/texlive/2024/texmf-dist/tex/generic/bitset/bitset.sty
(/usr/local/texlive/2024/texmf-dist/tex/generic/bigintcalc/bigintcalc.sty))
(/usr/local/texlive/2024/texmf-dist/tex/latex/base/atbegshi-ltx.sty))
(/usr/local/texlive/2024/texmf-dist/tex/latex/hyperref/hpdftex.def
(/usr/local/texlive/2024/texmf-dist/tex/latex/base/atveryend-ltx.sty)
(/usr/local/texlive/2024/texmf-dist/tex/latex/rerunfilecheck/rerunfilecheck.sty

(/usr/local/texlive/2024/texmf-dist/tex/generic/uniquecounter/uniquecounter.sty
)))) (/usr/local/texlive/2024/texmf-dist/tex/latex/base/makeidx.sty)
Writing index file Rd2.idx
(/usr/local/texlive/2024/texmf-dist/tex/latex/psnfss/t1ptm.fd)
(/usr/local/texlive/2024/texmf-dist/tex/latex/l3backend/l3backend-pdftex.def)
(/private/var/folders/tw/c432fqhx6rbcdd17vn2ll3q80000gn/T/RtmpvPk6ST/Rd2pdf9d49
3c1323cb/Rd2.aux)
(/usr/local/texlive/2024/texmf-dist/tex/context/base/mkii/supp-pdf.mkii
[Loading MPS to PDF converter (version 2006.09.02).]
)
(/private/var/folders/tw/c432fqhx6rbcdd17vn2ll3q80000gn/T/RtmpvPk6ST/Rd2pdf9d49
3c1323cb/Rd2.out)
(/private/var/folders/tw/c432fqhx6rbcdd17vn2ll3q80000gn/T/RtmpvPk6ST/Rd2pdf9d49
3c1323cb/Rd2.out)
(/usr/local/texlive/2024/texmf-dist/tex/latex/inconsolata/t1zi4.fd)
(/usr/local/texlive/2024/texmf-dist/tex/latex/amsfonts/umsa.fd)
(/usr/local/texlive/2024/texmf-dist/tex/latex/amsfonts/umsb.fd)
(/usr/local/texlive/2024/texmf-dist/tex/latex/jknapltx/ursfs.fd)
(/private/var/folders/tw/c432fqhx6rbcdd17vn2ll3q80000gn/T/RtmpvPk6ST/Rd2pdf9d49
3c1323cb/Rd2.toc [1{/usr/local/texlive/2024/texmf-var/fonts/map/pdftex/updmap/p
dftex.map}{/usr/local/texlive/2024/texmf-dist/fonts/enc/dvips/base/8r.enc}{/usr
/local/texlive/2024/texmf-dist/fonts/enc/dvips/inconsolata/i4-t1-0.enc}])
(/usr/local/texlive/2024/texmf-dist/tex/latex/psnfss/ts1ptm.fd)
(/usr/local/texlive/2024/texmf-dist/tex/latex/inconsolata/ts1zi4.fd) [2{/usr/lo
cal/texlive/2024/texmf-dist/fonts/enc/dvips/inconsolata/i4-ts1.enc}] [3]
[4] [5]
Overfull \hbox (2.26555pt too wide) in paragraph at lines 247--247
 []\T1/zi4/m/n/9 birds_ZI <- birds_ZI[order(birds_ZI$Route, birds_ZI$Year, bird
s_ZI$English_Common_Name), ][] 
[6] [7] [8]
Overfull \hbox (5.9361pt too wide) in paragraph at lines 422--423
[]\T1/ptm/m/n/10 Fits a multi-species N-mixture (MNM) model to ob-served count 
data, lever-ag-ing Nim-ble for Bayesian
[9] [10] [11] [12] [13] [14] [15] [16] [17]
Overfull \hbox (2.54776pt too wide) in paragraph at lines 934--935
[]\T1/ptm/m/n/10 Logical. In-di-cates whether to in-clude an au-to-cor-re-la-ti
on com-po-nent in the model.

Overfull \hbox (41.8109pt too wide) in paragraph at lines 962--963
[]\T1/zi4/m/n/10 prior_detection_probability[]\T1/ptm/m/n/10 , []\T1/zi4/m/n/10
 prior_precision[]\T1/ptm/m/n/10 , []\T1/zi4/m/n/10 prior_mean[]\T1/ptm/m/n/10 
, []\T1/zi4/m/n/10 prior_mean_AR[]\T1/ptm/m/n/10 ,

Overfull \hbox (10.58951pt too wide) in paragraph at lines 963--964
[]\T1/ptm/m/n/10 Supported dis-tri-bu-tions in-clude: []\T1/zi4/m/n/10 dnorm[]\
T1/ptm/m/n/10 , []\T1/zi4/m/n/10 dexp[]\T1/ptm/m/n/10 , []\T1/zi4/m/n/10 dgamma
[]\T1/ptm/m/n/10 , []\T1/zi4/m/n/10 dbeta[]\T1/ptm/m/n/10 , []\T1/zi4/m/n/10 du
nif[]\T1/ptm/m/n/10 , []\T1/zi4/m/n/10 dlnorm[]\T1/ptm/m/n/10 ,
[18] [19] [20] [21] [22] [23] [24]
Underfull \vbox (badness 10000) has occurred while \output is active [25]
[26]
Overfull \hbox (0.73889pt too wide) in paragraph at lines 1487--1489
[]\T1/zi4/m/n/10 "large"[]\T1/ptm/m/n/10 : La-tent species abun-dance be-tween 
0 and 700. De-fault is []\T1/zi4/m/n/10 "small"[]\T1/ptm/m/n/10 . 
[27] [28] (/usr/local/texlive/2024/texmf-dist/tex/latex/base/t1cmtt.fd)
(/usr/local/texlive/2024/texmf-dist/tex/latex/base/ts1cmtt.fd)
Overfull \hbox (15.80914pt too wide) in paragraph at lines 1636--1637
\T1/ptm/m/n/10 (e.g., []\T1/zi4/m/n/10 prior_mean[]\T1/ptm/m/n/10 ) and the val
ue is the prior dis-tri-bu-tion (e.g., []\TS1/zi4/m/n/10 '\T1/zi4/m/n/10 dnorm(
0, 0.001)\TS1/zi4/m/n/10 '[]\T1/ptm/m/n/10 ). 
[29{/usr/local/texlive/2024/texmf-dist/fonts/enc/dvips/cm-super/cm-super-ts1.en
c}]
(/private/var/folders/tw/c432fqhx6rbcdd17vn2ll3q80000gn/T/RtmpvPk6ST/Rd2pdf9d49
3c1323cb/Rd2.ind [30]

LaTeX Font Warning: Font shape `T1/zi4/m/it' undefined
(Font)              using `T1/zi4/m/n' instead on input line 46.

[31])
(/private/var/folders/tw/c432fqhx6rbcdd17vn2ll3q80000gn/T/RtmpvPk6ST/Rd2pdf9d49
3c1323cb/Rd2.aux)

LaTeX Font Warning: Some font shapes were not available, defaults substituted.

 )
(see the transcript file for additional information)</usr/local/texlive/2024/te
xmf-dist/fonts/type1/public/inconsolata/Inconsolata-zi4r.pfb></usr/local/texliv
e/2024/texmf-dist/fonts/type1/public/amsfonts/cm/cmmi10.pfb></usr/local/texlive
/2024/texmf-dist/fonts/type1/public/amsfonts/cm/cmr10.pfb></usr/local/texlive/2
024/texmf-dist/fonts/type1/public/amsfonts/cm/cmsy10.pfb></usr/local/texlive/20
24/texmf-dist/fonts/type1/public/cm-super/sftt0900.pfb></usr/local/texlive/2024
/texmf-dist/fonts/type1/urw/times/utmb8a.pfb></usr/local/texlive/2024/texmf-dis
t/fonts/type1/urw/times/utmr8a.pfb></usr/local/texlive/2024/texmf-dist/fonts/ty
pe1/urw/times/utmr8a.pfb></usr/local/texlive/2024/texmf-dist/fonts/type1/urw/ti
mes/utmri8a.pfb>
Output written on Rd2.pdf (31 pages, 195966 bytes).
Transcript written on Rd2.log.
Saving output to ‘MultiNMix-manual.pdf’ ...
Done
You may want to clean up by 'rm -Rf /var/folders/tw/c432fqhx6rbcdd17vn2ll3q80000gn/T//RtmpvPk6ST/Rd2pdf9d493c1323cb'
